# JRE version: OpenJDK Runtime Environment (11.0.13) (build 11.0.13+0-b1751.21-8125866)
# Java VM: OpenJDK 64-Bit Server VM (11.0.13+0-b1751.21-8125866, mixed mode, tiered, compressed oops, g1 gc, windows-amd64)
Heap:
 garbage-first heap   total 155648K, used 103773K [0x0000000080000000, 0x0000000100000000)
  region size 1024K, 6 young (6144K), 1 survivors (1024K)
 Metaspace       used 91399K, capacity 93784K, committed 94236K, reserved 1130496K
  class space    used 11616K, capacity 12495K, committed 12620K, reserved 1048576K
GC Heap History (20 events):
Event: 15.528 GC heap before
{Heap before GC invocations=17 (full 0):
 garbage-first heap   total 155648K, used 124645K [0x0000000080000000, 0x0000000100000000)
  region size 1024K, 66 young (67584K), 8 survivors (8192K)
 Metaspace       used 84178K, capacity 86434K, committed 86684K, reserved 1124352K
  class space    used 10893K, capacity 11716K, committed 11724K, reserved 1048576K
}
Event: 15.542 GC heap after
{Heap after GC invocations=18 (full 0):
 garbage-first heap   total 155648K, used 72429K [0x0000000080000000, 0x0000000100000000)
  region size 1024K, 9 young (9216K), 9 survivors (9216K)
 Metaspace       used 84178K, capacity 86434K, committed 86684K, reserved 1124352K
  class space    used 10893K, capacity 11716K, committed 11724K, reserved 1048576K
}
Event: 16.900 GC heap before
{Heap before GC invocations=18 (full 0):
 garbage-first heap   total 155648K, used 125677K [0x0000000080000000, 0x0000000100000000)
  region size 1024K, 61 young (62464K), 9 survivors (9216K)
 Metaspace       used 85498K, capacity 87924K, committed 88092K, reserved 1126400K
  class space    used 11076K, capacity 11995K, committed 12108K, reserved 1048576K
}
Event: 16.910 GC heap after
{Heap after GC invocations=19 (full 0):
 garbage-first heap   total 155648K, used 78922K [0x0000000080000000, 0x0000000100000000)
  region size 1024K, 7 young (7168K), 7 survivors (7168K)
 Metaspace       used 85498K, capacity 87924K, committed 88092K, reserved 1126400K
  class space    used 11076K, capacity 11995K, committed 12108K, reserved 1048576K
}
Event: 17.414 GC heap before
{Heap before GC invocations=19 (full 0):
 garbage-first heap   total 155648K, used 125002K [0x0000000080000000, 0x0000000100000000)
  region size 1024K, 53 young (54272K), 7 survivors (7168K)
 Metaspace       used 85869K, capacity 88421K, committed 88604K, reserved 1126400K
  class space    used 11092K, capacity 12042K, committed 12108K, reserved 1048576K
}
Event: 17.420 GC heap after
{Heap after GC invocations=20 (full 0):
 garbage-first heap   total 155648K, used 81547K [0x0000000080000000, 0x0000000100000000)
  region size 1024K, 5 young (5120K), 5 survivors (5120K)
 Metaspace       used 85869K, capacity 88421K, committed 88604K, reserved 1126400K
  class space    used 11092K, capacity 12042K, committed 12108K, reserved 1048576K
}
Event: 17.713 GC heap before
{Heap before GC invocations=21 (full 0):
 garbage-first heap   total 155648K, used 97931K [0x0000000080000000, 0x0000000100000000)
  region size 1024K, 23 young (23552K), 5 survivors (5120K)
 Metaspace       used 86305K, capacity 88699K, committed 89116K, reserved 1126400K
  class space    used 11123K, capacity 12018K, committed 12108K, reserved 1048576K
}
Event: 17.720 GC heap after
{Heap after GC invocations=22 (full 0):
 garbage-first heap   total 155648K, used 82872K [0x0000000080000000, 0x0000000100000000)
  region size 1024K, 2 young (2048K), 2 survivors (2048K)
 Metaspace       used 86305K, capacity 88699K, committed 89116K, reserved 1126400K
  class space    used 11123K, capacity 12018K, committed 12108K, reserved 1048576K
}
Event: 18.494 GC heap before
{Heap before GC invocations=23 (full 0):
 garbage-first heap   total 155648K, used 121784K [0x0000000080000000, 0x0000000100000000)
  region size 1024K, 39 young (39936K), 2 survivors (2048K)
 Metaspace       used 87271K, capacity 89534K, committed 90012K, reserved 1126400K
  class space    used 11190K, capacity 12062K, committed 12236K, reserved 1048576K
}
Event: 18.507 GC heap after
{Heap after GC invocations=24 (full 0):
 garbage-first heap   total 155648K, used 99984K [0x0000000080000000, 0x0000000100000000)
  region size 1024K, 5 young (5120K), 5 survivors (5120K)
 Metaspace       used 87271K, capacity 89534K, committed 90012K, reserved 1126400K
  class space    used 11190K, capacity 12062K, committed 12236K, reserved 1048576K
}
Event: 18.891 GC heap before
{Heap before GC invocations=24 (full 0):
 garbage-first heap   total 155648K, used 113296K [0x0000000080000000, 0x0000000100000000)
  region size 1024K, 20 young (20480K), 5 survivors (5120K)
 Metaspace       used 87422K, capacity 89665K, committed 90268K, reserved 1128448K
  class space    used 11198K, capacity 12063K, committed 12236K, reserved 1048576K
}
Event: 18.902 GC heap after
{Heap after GC invocations=25 (full 0):
 garbage-first heap   total 155648K, used 109070K [0x0000000080000000, 0x0000000100000000)
  region size 1024K, 4 young (4096K), 4 survivors (4096K)
 Metaspace       used 87422K, capacity 89665K, committed 90268K, reserved 1128448K
  class space    used 11198K, capacity 12063K, committed 12236K, reserved 1048576K
}
Event: 19.241 GC heap before
{Heap before GC invocations=26 (full 0):
 garbage-first heap   total 155648K, used 141838K [0x0000000080000000, 0x0000000100000000)
  region size 1024K, 19 young (19456K), 4 survivors (4096K)
 Metaspace       used 88758K, capacity 91097K, committed 91676K, reserved 1128448K
  class space    used 11349K, capacity 12214K, committed 12364K, reserved 1048576K
}
Event: 19.247 GC heap after
{Heap after GC invocations=27 (full 0):
 garbage-first heap   total 155648K, used 110587K [0x0000000080000000, 0x0000000100000000)
  region size 1024K, 2 young (2048K), 2 survivors (2048K)
 Metaspace       used 88758K, capacity 91097K, committed 91676K, reserved 1128448K
  class space    used 11349K, capacity 12214K, committed 12364K, reserved 1048576K
}
Event: 19.465 GC heap before
{Heap before GC invocations=27 (full 0):
 garbage-first heap   total 155648K, used 124923K [0x0000000080000000, 0x0000000100000000)
  region size 1024K, 17 young (17408K), 2 survivors (2048K)
 Metaspace       used 90432K, capacity 92760K, committed 93084K, reserved 1130496K
  class space    used 11515K, capacity 12391K, committed 12492K, reserved 1048576K
}
Event: 19.469 GC heap after
{Heap after GC invocations=28 (full 0):
 garbage-first heap   total 155648K, used 111305K [0x0000000080000000, 0x0000000100000000)
  region size 1024K, 2 young (2048K), 2 survivors (2048K)
 Metaspace       used 90432K, capacity 92760K, committed 93084K, reserved 1130496K
  class space    used 11515K, capacity 12391K, committed 12492K, reserved 1048576K
}
Event: 19.817 GC heap before
{Heap before GC invocations=29 (full 0):
 garbage-first heap   total 155648K, used 126665K [0x0000000080000000, 0x0000000100000000)
  region size 1024K, 18 young (18432K), 2 survivors (2048K)
 Metaspace       used 91189K, capacity 93516K, committed 93980K, reserved 1130496K
  class space    used 11605K, capacity 12491K, committed 12620K, reserved 1048576K
}
Event: 19.820 GC heap after
{Heap after GC invocations=30 (full 0):
 garbage-first heap   total 155648K, used 112344K [0x0000000080000000, 0x0000000100000000)
  region size 1024K, 3 young (3072K), 3 survivors (3072K)
 Metaspace       used 91189K, capacity 93516K, committed 93980K, reserved 1130496K
  class space    used 11605K, capacity 12491K, committed 12620K, reserved 1048576K
}
Event: 20.057 GC heap before
{Heap before GC invocations=30 (full 0):
 garbage-first heap   total 155648K, used 115416K [0x0000000080000000, 0x0000000100000000)
  region size 1024K, 7 young (7168K), 3 survivors (3072K)
 Metaspace       used 91327K, capacity 93656K, committed 93980K, reserved 1130496K
  class space    used 11616K, capacity 12495K, committed 12620K, reserved 1048576K
}
Event: 20.062 GC heap after
{Heap after GC invocations=31 (full 0):
 garbage-first heap   total 155648K, used 99677K [0x0000000080000000, 0x0000000100000000)
  region size 1024K, 1 young (1024K), 1 survivors (1024K)
 Metaspace       used 91327K, capacity 93656K, committed 93980K, reserved 1130496K
  class space    used 11616K, capacity 12495K, committed 12620K, reserved 1048576K
}

