# JRE version: OpenJDK Runtime Environment (11.0.13) (build 11.0.13+0-b1751.21-8125866)
# Java VM: OpenJDK 64-Bit Server VM (11.0.13+0-b1751.21-8125866, mixed mode, tiered, compressed oops, g1 gc, windows-amd64)
Heap:
 garbage-first heap   total 225280K, used 152773K [0x0000000080000000, 0x0000000100000000)
  region size 1024K, 9 young (9216K), 1 survivors (1024K)
 Metaspace       used 114536K, capacity 118451K, committed 118608K, reserved 1150976K
  class space    used 15037K, capacity 16642K, committed 16768K, reserved 1048576K
GC Heap History (20 events):
Event: 20.713 GC heap before
{Heap before GC invocations=39 (full 0):
 garbage-first heap   total 187392K, used 150344K [0x0000000080000000, 0x0000000100000000)
  region size 1024K, 54 young (55296K), 7 survivors (7168K)
 Metaspace       used 92124K, capacity 94487K, committed 94672K, reserved 1130496K
  class space    used 11761K, capacity 12625K, committed 12800K, reserved 1048576K
}
Event: 20.721 GC heap after
{Heap after GC invocations=40 (full 0):
 garbage-first heap   total 187392K, used 109260K [0x0000000080000000, 0x0000000100000000)
  region size 1024K, 7 young (7168K), 7 survivors (7168K)
 Metaspace       used 92124K, capacity 94487K, committed 94672K, reserved 1130496K
  class space    used 11761K, capacity 12625K, committed 12800K, reserved 1048576K
}
Event: 21.195 GC heap before
{Heap before GC invocations=40 (full 0):
 garbage-first heap   total 187392K, used 152268K [0x0000000080000000, 0x0000000100000000)
  region size 1024K, 50 young (51200K), 7 survivors (7168K)
 Metaspace       used 92703K, capacity 95102K, committed 95440K, reserved 1132544K
  class space    used 11823K, capacity 12680K, committed 12800K, reserved 1048576K
}
Event: 21.200 GC heap after
{Heap after GC invocations=41 (full 0):
 garbage-first heap   total 187392K, used 109290K [0x0000000080000000, 0x0000000100000000)
  region size 1024K, 2 young (2048K), 2 survivors (2048K)
 Metaspace       used 92703K, capacity 95102K, committed 95440K, reserved 1132544K
  class space    used 11823K, capacity 12680K, committed 12800K, reserved 1048576K
}
Event: 21.612 GC heap before
{Heap before GC invocations=42 (full 0):
 garbage-first heap   total 187392K, used 153322K [0x0000000080000000, 0x0000000100000000)
  region size 1024K, 46 young (47104K), 2 survivors (2048K)
 Metaspace       used 93203K, capacity 95582K, committed 95824K, reserved 1132544K
  class space    used 11889K, capacity 12797K, committed 12928K, reserved 1048576K
}
Event: 21.621 GC heap after
{Heap after GC invocations=43 (full 0):
 garbage-first heap   total 187392K, used 115163K [0x0000000080000000, 0x0000000100000000)
  region size 1024K, 6 young (6144K), 6 survivors (6144K)
 Metaspace       used 93203K, capacity 95582K, committed 95824K, reserved 1132544K
  class space    used 11889K, capacity 12797K, committed 12928K, reserved 1048576K
}
Event: 24.424 GC heap before
{Heap before GC invocations=43 (full 0):
 garbage-first heap   total 187392K, used 148955K [0x0000000080000000, 0x0000000100000000)
  region size 1024K, 41 young (41984K), 6 survivors (6144K)
 Metaspace       used 99498K, capacity 102026K, committed 102224K, reserved 1138688K
  class space    used 12678K, capacity 13624K, committed 13696K, reserved 1048576K
}
Event: 24.437 GC heap after
{Heap after GC invocations=44 (full 0):
 garbage-first heap   total 187392K, used 118567K [0x0000000080000000, 0x0000000100000000)
  region size 1024K, 4 young (4096K), 4 survivors (4096K)
 Metaspace       used 99498K, capacity 102026K, committed 102224K, reserved 1138688K
  class space    used 12678K, capacity 13624K, committed 13696K, reserved 1048576K
}
Event: 25.305 GC heap before
{Heap before GC invocations=45 (full 0):
 garbage-first heap   total 187392K, used 155431K [0x0000000080000000, 0x0000000100000000)
  region size 1024K, 39 young (39936K), 4 survivors (4096K)
 Metaspace       used 100017K, capacity 102582K, committed 102736K, reserved 1138688K
  class space    used 12724K, capacity 13680K, committed 13696K, reserved 1048576K
}
Event: 25.315 GC heap after
{Heap after GC invocations=46 (full 0):
 garbage-first heap   total 225280K, used 129980K [0x0000000080000000, 0x0000000100000000)
  region size 1024K, 5 young (5120K), 5 survivors (5120K)
 Metaspace       used 100017K, capacity 102582K, committed 102736K, reserved 1138688K
  class space    used 12724K, capacity 13680K, committed 13696K, reserved 1048576K
}
Event: 25.374 GC heap before
{Heap before GC invocations=46 (full 0):
 garbage-first heap   total 225280K, used 136124K [0x0000000080000000, 0x0000000100000000)
  region size 1024K, 11 young (11264K), 5 survivors (5120K)
 Metaspace       used 100213K, capacity 102793K, committed 102992K, reserved 1138688K
  class space    used 12733K, capacity 13685K, committed 13696K, reserved 1048576K
}
Event: 25.379 GC heap after
{Heap after GC invocations=47 (full 0):
 garbage-first heap   total 225280K, used 132399K [0x0000000080000000, 0x0000000100000000)
  region size 1024K, 2 young (2048K), 2 survivors (2048K)
 Metaspace       used 100213K, capacity 102793K, committed 102992K, reserved 1138688K
  class space    used 12733K, capacity 13685K, committed 13696K, reserved 1048576K
}
Event: 26.272 GC heap before
{Heap before GC invocations=47 (full 0):
 garbage-first heap   total 225280K, used 175407K [0x0000000080000000, 0x0000000100000000)
  region size 1024K, 45 young (46080K), 2 survivors (2048K)
 Metaspace       used 102431K, capacity 105077K, committed 105296K, reserved 1140736K
  class space    used 12956K, capacity 13931K, committed 13952K, reserved 1048576K
}
Event: 26.278 GC heap after
{Heap after GC invocations=48 (full 0):
 garbage-first heap   total 225280K, used 137464K [0x0000000080000000, 0x0000000100000000)
  region size 1024K, 6 young (6144K), 6 survivors (6144K)
 Metaspace       used 102431K, capacity 105077K, committed 105296K, reserved 1140736K
  class space    used 12956K, capacity 13931K, committed 13952K, reserved 1048576K
}
Event: 26.663 GC heap before
{Heap before GC invocations=49 (full 0):
 garbage-first heap   total 225280K, used 183544K [0x0000000080000000, 0x0000000100000000)
  region size 1024K, 48 young (49152K), 6 survivors (6144K)
 Metaspace       used 105223K, capacity 107966K, committed 108112K, reserved 1142784K
  class space    used 13327K, capacity 14351K, committed 14464K, reserved 1048576K
}
Event: 26.670 GC heap after
{Heap after GC invocations=50 (full 0):
 garbage-first heap   total 225280K, used 140650K [0x0000000080000000, 0x0000000100000000)
  region size 1024K, 4 young (4096K), 4 survivors (4096K)
 Metaspace       used 105223K, capacity 107966K, committed 108112K, reserved 1142784K
  class space    used 13327K, capacity 14351K, committed 14464K, reserved 1048576K
}
Event: 26.762 GC heap before
{Heap before GC invocations=50 (full 0):
 garbage-first heap   total 225280K, used 147818K [0x0000000080000000, 0x0000000100000000)
  region size 1024K, 11 young (11264K), 4 survivors (4096K)
 Metaspace       used 106424K, capacity 109252K, committed 109520K, reserved 1144832K
  class space    used 13500K, capacity 14561K, committed 14592K, reserved 1048576K
}
Event: 26.767 GC heap after
{Heap after GC invocations=51 (full 0):
 garbage-first heap   total 225280K, used 134694K [0x0000000080000000, 0x0000000100000000)
  region size 1024K, 2 young (2048K), 2 survivors (2048K)
 Metaspace       used 106424K, capacity 109252K, committed 109520K, reserved 1144832K
  class space    used 13500K, capacity 14561K, committed 14592K, reserved 1048576K
}
Event: 27.009 GC heap before
{Heap before GC invocations=51 (full 0):
 garbage-first heap   total 225280K, used 178726K [0x0000000080000000, 0x0000000100000000)
  region size 1024K, 46 young (47104K), 2 survivors (2048K)
 Metaspace       used 110543K, capacity 114094K, committed 114256K, reserved 1148928K
  class space    used 14290K, capacity 15729K, committed 15744K, reserved 1048576K
}
Event: 27.021 GC heap after
{Heap after GC invocations=52 (full 0):
 garbage-first heap   total 225280K, used 143681K [0x0000000080000000, 0x0000000100000000)
  region size 1024K, 6 young (6144K), 6 survivors (6144K)
 Metaspace       used 110543K, capacity 114094K, committed 114256K, reserved 1148928K
  class space    used 14290K, capacity 15729K, committed 15744K, reserved 1048576K
}

