# JRE version: OpenJDK Runtime Environment (11.0.13) (build 11.0.13+0-b1751.21-8125866)
# Java VM: OpenJDK 64-Bit Server VM (11.0.13+0-b1751.21-8125866, mixed mode, tiered, compressed oops, g1 gc, windows-amd64)
Heap:
 garbage-first heap   total 225280K, used 182914K [0x0000000080000000, 0x0000000100000000)
  region size 1024K, 43 young (44032K), 3 survivors (3072K)
 Metaspace       used 122670K, capacity 126164K, committed 126632K, reserved 1159168K
  class space    used 15308K, capacity 16656K, committed 16972K, reserved 1048576K
GC Heap History (20 events):
Event: 148.491 GC heap before
{Heap before GC invocations=41 (full 0):
 garbage-first heap   total 225280K, used 127894K [0x0000000080000000, 0x0000000100000000)
  region size 1024K, 11 young (11264K), 9 survivors (9216K)
 Metaspace       used 112882K, capacity 116142K, committed 117160K, reserved 1150976K
  class space    used 14183K, capacity 15394K, committed 15948K, reserved 1048576K
}
Event: 148.501 GC heap after
{Heap after GC invocations=42 (full 0):
 garbage-first heap   total 225280K, used 116007K [0x0000000080000000, 0x0000000100000000)
  region size 1024K, 2 young (2048K), 2 survivors (2048K)
 Metaspace       used 112882K, capacity 116142K, committed 117160K, reserved 1150976K
  class space    used 14183K, capacity 15394K, committed 15948K, reserved 1048576K
}
Event: 149.011 GC heap before
{Heap before GC invocations=42 (full 0):
 garbage-first heap   total 225280K, used 184615K [0x0000000080000000, 0x0000000100000000)
  region size 1024K, 70 young (71680K), 2 survivors (2048K)
 Metaspace       used 113736K, capacity 116986K, committed 117672K, reserved 1150976K
  class space    used 14280K, capacity 15499K, committed 15948K, reserved 1048576K
}
Event: 149.044 GC heap after
{Heap after GC invocations=43 (full 0):
 garbage-first heap   total 225280K, used 123816K [0x0000000080000000, 0x0000000100000000)
  region size 1024K, 9 young (9216K), 9 survivors (9216K)
 Metaspace       used 113736K, capacity 116986K, committed 117672K, reserved 1150976K
  class space    used 14280K, capacity 15499K, committed 15948K, reserved 1048576K
}
Event: 150.579 GC heap before
{Heap before GC invocations=44 (full 0):
 garbage-first heap   total 225280K, used 186280K [0x0000000080000000, 0x0000000100000000)
  region size 1024K, 69 young (70656K), 9 survivors (9216K)
 Metaspace       used 120097K, capacity 123506K, committed 124072K, reserved 1157120K
  class space    used 15063K, capacity 16329K, committed 16716K, reserved 1048576K
}
Event: 150.590 GC heap after
{Heap after GC invocations=45 (full 0):
 garbage-first heap   total 225280K, used 136192K [0x0000000080000000, 0x0000000100000000)
  region size 1024K, 9 young (9216K), 9 survivors (9216K)
 Metaspace       used 120097K, capacity 123506K, committed 124072K, reserved 1157120K
  class space    used 15063K, capacity 16329K, committed 16716K, reserved 1048576K
}
Event: 150.608 GC heap before
{Heap before GC invocations=45 (full 0):
 garbage-first heap   total 225280K, used 138240K [0x0000000080000000, 0x0000000100000000)
  region size 1024K, 11 young (11264K), 9 survivors (9216K)
 Metaspace       used 120155K, capacity 123593K, committed 124072K, reserved 1157120K
  class space    used 15069K, capacity 16337K, committed 16716K, reserved 1048576K
}
Event: 150.620 GC heap after
{Heap after GC invocations=46 (full 0):
 garbage-first heap   total 225280K, used 128950K [0x0000000080000000, 0x0000000100000000)
  region size 1024K, 2 young (2048K), 2 survivors (2048K)
 Metaspace       used 120155K, capacity 123593K, committed 124072K, reserved 1157120K
  class space    used 15069K, capacity 16337K, committed 16716K, reserved 1048576K
}
Event: 151.142 GC heap before
{Heap before GC invocations=46 (full 0):
 garbage-first heap   total 225280K, used 172982K [0x0000000080000000, 0x0000000100000000)
  region size 1024K, 46 young (47104K), 2 survivors (2048K)
 Metaspace       used 122318K, capacity 125824K, committed 126376K, reserved 1159168K
  class space    used 15299K, capacity 16649K, committed 16972K, reserved 1048576K
}
Event: 151.150 GC heap after
{Heap after GC invocations=47 (full 0):
 garbage-first heap   total 225280K, used 133651K [0x0000000080000000, 0x0000000100000000)
  region size 1024K, 6 young (6144K), 6 survivors (6144K)
 Metaspace       used 122318K, capacity 125824K, committed 126376K, reserved 1159168K
  class space    used 15299K, capacity 16649K, committed 16972K, reserved 1048576K
}
Event: 151.278 GC heap before
{Heap before GC invocations=47 (full 0):
 garbage-first heap   total 225280K, used 186899K [0x0000000080000000, 0x0000000100000000)
  region size 1024K, 55 young (56320K), 6 survivors (6144K)
 Metaspace       used 122441K, capacity 125919K, committed 126376K, reserved 1159168K
  class space    used 15307K, capacity 16654K, committed 16972K, reserved 1048576K
}
Event: 151.289 GC heap after
{Heap after GC invocations=48 (full 0):
 garbage-first heap   total 225280K, used 143956K [0x0000000080000000, 0x0000000100000000)
  region size 1024K, 7 young (7168K), 7 survivors (7168K)
 Metaspace       used 122441K, capacity 125919K, committed 126376K, reserved 1159168K
  class space    used 15307K, capacity 16654K, committed 16972K, reserved 1048576K
}
Event: 151.395 GC heap before
{Heap before GC invocations=48 (full 0):
 garbage-first heap   total 225280K, used 182868K [0x0000000080000000, 0x0000000100000000)
  region size 1024K, 45 young (46080K), 7 survivors (7168K)
 Metaspace       used 122448K, capacity 125971K, committed 126376K, reserved 1159168K
  class space    used 15304K, capacity 16650K, committed 16972K, reserved 1048576K
}
Event: 151.402 GC heap after
{Heap after GC invocations=49 (full 0):
 garbage-first heap   total 225280K, used 148153K [0x0000000080000000, 0x0000000100000000)
  region size 1024K, 4 young (4096K), 4 survivors (4096K)
 Metaspace       used 122448K, capacity 125971K, committed 126376K, reserved 1159168K
  class space    used 15304K, capacity 16650K, committed 16972K, reserved 1048576K
}
Event: 151.465 GC heap before
{Heap before GC invocations=50 (full 0):
 garbage-first heap   total 225280K, used 185017K [0x0000000080000000, 0x0000000100000000)
  region size 1024K, 41 young (41984K), 4 survivors (4096K)
 Metaspace       used 122452K, capacity 125977K, committed 126376K, reserved 1159168K
  class space    used 15305K, capacity 16651K, committed 16972K, reserved 1048576K
}
Event: 151.469 GC heap after
{Heap after GC invocations=51 (full 0):
 garbage-first heap   total 225280K, used 148644K [0x0000000080000000, 0x0000000100000000)
  region size 1024K, 2 young (2048K), 2 survivors (2048K)
 Metaspace       used 122452K, capacity 125977K, committed 126376K, reserved 1159168K
  class space    used 15305K, capacity 16651K, committed 16972K, reserved 1048576K
}
Event: 151.481 GC heap before
{Heap before GC invocations=51 (full 0):
 garbage-first heap   total 225280K, used 156836K [0x0000000080000000, 0x0000000100000000)
  region size 1024K, 11 young (11264K), 2 survivors (2048K)
 Metaspace       used 122452K, capacity 125977K, committed 126376K, reserved 1159168K
  class space    used 15305K, capacity 16651K, committed 16972K, reserved 1048576K
}
Event: 151.493 GC heap after
{Heap after GC invocations=52 (full 0):
 garbage-first heap   total 225280K, used 140883K [0x0000000080000000, 0x0000000100000000)
  region size 1024K, 1 young (1024K), 1 survivors (1024K)
 Metaspace       used 122452K, capacity 125977K, committed 126376K, reserved 1159168K
  class space    used 15305K, capacity 16651K, committed 16972K, reserved 1048576K
}
Event: 151.585 GC heap before
{Heap before GC invocations=52 (full 0):
 garbage-first heap   total 225280K, used 175699K [0x0000000080000000, 0x0000000100000000)
  region size 1024K, 37 young (37888K), 1 survivors (1024K)
 Metaspace       used 122501K, capacity 125993K, committed 126376K, reserved 1159168K
  class space    used 15305K, capacity 16651K, committed 16972K, reserved 1048576K
}
Event: 151.589 GC heap after
{Heap after GC invocations=53 (full 0):
 garbage-first heap   total 225280K, used 142978K [0x0000000080000000, 0x0000000100000000)
  region size 1024K, 3 young (3072K), 3 survivors (3072K)
 Metaspace       used 122501K, capacity 125993K, committed 126376K, reserved 1159168K
  class space    used 15305K, capacity 16651K, committed 16972K, reserved 1048576K
}

